#
# A fatal error has been detected by the Java Runtime Environment:
#
#  EXCEPTION_ACCESS_VIOLATION (0xc0000005) at pc=0x000000006f6f6b98, pid=14036, tid=0x0000000000003950
#
# JRE version: Java(TM) SE Runtime Environment (8.0_121-b13) (build 1.8.0_121-b13)
# Java VM: Java HotSpot(TM) 64-Bit Server VM (25.121-b13 mixed mode windows-amd64 compressed oops)
# Problematic frame:
# V  [jvm.dll+0xf6b98]
#
# Failed to write core dump. Minidumps are not enabled by default on client versions of Windows
#
# If you would like to submit a bug report, please visit:
#   http://bugreport.java.com/bugreport/crash.jsp
#

---------------  T H R E A D  ---------------

Current thread (0x000000005513d800):  VMThread [stack: 0x0000000056420000,0x0000000056520000] [id=14672]

siginfo: ExceptionCode=0xc0000005, reading address 0x000000007741fed0

Registers:
RAX=0x00000000001fffe0, RBX=0x000000000000ffff, RCX=0x000000007721f7f8, RDX=0x000000007721fee0
RSP=0x000000005651f230, RBP=0x000000005651f360, RSI=0x000000000000ffff, RDI=0x000000007721f7f8
R8 =0x00000000025e2100, R9 =0x0000000000000003, R10=0x0000000000000003, R11=0x000000007721fa11
R12=0x000000005651f3f0, R13=0x000000005651f3e0, R14=0x0000000000000000, R15=0x0000000000000000
RIP=0x000000006f6f6b98, EFLAGS=0x0000000000010202

Top of Stack: (sp=0x000000005651f230)
0x000000005651f230:   00000000000000b7 000000005651f360
0x000000005651f240:   00000000000000b7 000000007778dd48
0x000000005651f250:   0000000000000000 000000006f7d4300
0x000000005651f260:   00000000000000b7 00000000000000b7
0x000000005651f270:   000000005a5b5da0 000000005a5bbf58
0x000000005651f280:   0000000000000000 000000005a5b3f70
0x000000005651f290:   0000000003d2101c 0000000003d1a4c8
0x000000005651f2a0:   00008c9b0b242165 0000000003d1a050
0x000000005651f2b0:   0000000002a261a0 000000005a5b5da0
0x000000005651f2c0:   0000000000000000 000000006f690f54
0x000000005651f2d0:   0000000003d1ab40 0000000000000000
0x000000005651f2e0:   0000000000000000 000000006f8fe6be
0x000000005651f2f0:   0000000000028310 000000006f6913b5
0x000000005651f300:   000000005a5b5da0 000000005a5bbf58
0x000000005651f310:   000000005a5b5da0 0000000002a261a0
0x000000005651f320:   00008c9b0b2421e5 0000000014af3738 

Instructions: (pc=0x000000006f6f6b98)
0x000000006f6f6b78:   00 ba d9 01 00 00 e8 1d ea 17 00 e8 a8 f5 19 00
0x000000006f6f6b88:   48 8b 57 10 48 85 d2 74 0f 48 8b c3 48 c1 e0 05
0x000000006f6f6b98:   48 8b 44 10 10 0f b7 d8 48 63 c3 0f b7 44 c7 50
0x000000006f6f6ba8:   48 8b 44 c7 50 48 89 44 24 30 f6 d0 48 8b 4c 24 


Register to memory mapping:

RAX=0x00000000001fffe0 is an unknown value
RBX=0x000000000000ffff is an unknown value
RCX=0x000000007721f7f8 is pointing into metadata
RDX=0x000000007721fee0 is pointing into metadata
RSP=0x000000005651f230 is an unknown value
RBP=0x000000005651f360 is an unknown value
RSI=0x000000000000ffff is an unknown value
RDI=0x000000007721f7f8 is pointing into metadata
R8 =0x00000000025e2100 is an unknown value
R9 =0x0000000000000003 is an unknown value
R10=0x0000000000000003 is an unknown value
R11=0x000000007721fa11 is pointing into metadata
R12=0x000000005651f3f0 is an unknown value
R13=0x000000005651f3e0 is an unknown value
R14=0x0000000000000000 is an unknown value
R15=0x0000000000000000 is an unknown value


Stack: [0x0000000056420000,0x0000000056520000],  sp=0x000000005651f230,  free space=1020k
Native frames: (J=compiled Java code, j=interpreted, Vv=VM code, C=native code)
V  [jvm.dll+0xf6b98]
V  [jvm.dll+0x1d4300]
V  [jvm.dll+0x1d5252]
V  [jvm.dll+0x1c2b26]
V  [jvm.dll+0x1c7e39]
V  [jvm.dll+0x1c833b]
V  [jvm.dll+0x24bd17]
V  [jvm.dll+0x24afb6]
V  [jvm.dll+0x24b451]
V  [jvm.dll+0x24b66e]
V  [jvm.dll+0x29c69a]
C  [msvcr100.dll+0x21d9f]
C  [msvcr100.dll+0x21e3b]
C  [kernel32.dll+0x159cd]
C  [ntdll.dll+0x2a561]

VM_Operation (0x0000000056f8f0b0): RedefineClasses, mode: safepoint, requested by thread 0x00000000567a9800


---------------  P R O C E S S  ---------------

Java Threads: ( => current thread )
  0x0000000069571800 JavaThread "Scanner-0" daemon [_thread_blocked, id=11080, stack(0x0000000064c90000,0x0000000064d90000)]
  0x00000000743bc800 JavaThread "org.eclipse.jetty.server.session.HashSessionManager@788ba63eTimer" daemon [_thread_blocked, id=14492, stack(0x000000005d410000,0x000000005d510000)]
  0x000000005a5a2000 JavaThread "qtp1428469551-23-acceptor-0@3bd9c146-ServerConnector@7254a68a{HTTP/1.1}{0.0.0.0:8888}" [_thread_in_native, id=9324, stack(0x000000005d930000,0x000000005da30000)]
  0x000000005a5a1000 JavaThread "qtp1428469551-22" [_thread_blocked, id=19016, stack(0x000000005ada0000,0x000000005aea0000)]
  0x0000000059463800 JavaThread "qtp1428469551-21-selector-ServerConnectorManager@649b74ad/0" [_thread_in_native, id=14756, stack(0x000000005d6d0000,0x000000005d7d0000)]
  0x0000000059463000 JavaThread "qtp1428469551-20" [_thread_blocked, id=6656, stack(0x000000005d520000,0x000000005d620000)]
  0x00000000598e7800 JavaThread "qtp1428469551-19" [_thread_blocked, id=20000, stack(0x000000005c250000,0x000000005c350000)]
  0x00000000598e7000 JavaThread "qtp1428469551-18" [_thread_blocked, id=11984, stack(0x000000005c120000,0x000000005c220000)]
  0x000000005999e800 JavaThread "qtp1428469551-17-selector-ServerConnectorManager@649b74ad/1" [_thread_in_native, id=16788, stack(0x000000005ac80000,0x000000005ad80000)]
  0x000000005c627000 JavaThread "qtp1428469551-16" [_thread_blocked, id=20424, stack(0x0000000057160000,0x0000000057260000)]
  0x0000000056842000 JavaThread "Service Thread" daemon [_thread_blocked, id=19348, stack(0x0000000057a40000,0x0000000057b40000)]
  0x00000000567ca800 JavaThread "C1 CompilerThread2" daemon [_thread_blocked, id=7196, stack(0x0000000057920000,0x0000000057a20000)]
  0x00000000567c7800 JavaThread "C2 CompilerThread1" daemon [_thread_blocked, id=15564, stack(0x0000000057710000,0x0000000057810000)]
  0x00000000567c1800 JavaThread "C2 CompilerThread0" daemon [_thread_blocked, id=9844, stack(0x0000000057580000,0x0000000057680000)]
  0x00000000567b4800 JavaThread "JDWP Command Reader" daemon [_thread_in_native, id=18020, stack(0x00000000573f0000,0x00000000574f0000)]
  0x00000000567b1000 JavaThread "JDWP Event Helper Thread" daemon [_thread_blocked, id=16616, stack(0x0000000057270000,0x0000000057370000)]
  0x00000000567a9800 JavaThread "JDWP Transport Listener: dt_socket" daemon [_thread_blocked, id=8332, stack(0x0000000056e90000,0x0000000056f90000)]
  0x00000000551a8000 JavaThread "Attach Listener" daemon [_thread_blocked, id=14740, stack(0x0000000056d80000,0x0000000056e80000)]
  0x00000000551a6800 JavaThread "Signal Dispatcher" daemon [_thread_blocked, id=8784, stack(0x0000000056c30000,0x0000000056d30000)]
  0x000000005518c000 JavaThread "Finalizer" daemon [_thread_blocked, id=16048, stack(0x00000000566a0000,0x00000000567a0000)]
  0x0000000055145000 JavaThread "Reference Handler" daemon [_thread_blocked, id=13940, stack(0x0000000056570000,0x0000000056670000)]
  0x0000000001fda800 JavaThread "main" [_thread_blocked, id=3952, stack(0x0000000002610000,0x0000000002710000)]

Other Threads:
=>0x000000005513d800 VMThread [stack: 0x0000000056420000,0x0000000056520000] [id=14672]
  0x0000000056850000 WatcherThread [stack: 0x0000000057bc0000,0x0000000057cc0000] [id=11748]

VM state:at safepoint (normal execution)

VM Mutex/Monitor currently owned by a thread:  ([mutex/lock_event])
[0x0000000001fd8a00] Threads_lock - owner thread: 0x000000005513d800

Heap:
 PSYoungGen      total 252416K, used 78497K [0x00000000eab00000, 0x0000000100000000, 0x0000000100000000)
  eden space 155648K, 40% used [0x00000000eab00000,0x00000000ee8be9c0,0x00000000f4300000)
  from space 96768K, 15% used [0x00000000f4300000,0x00000000f51e9d20,0x00000000fa180000)
  to   space 95232K, 0% used [0x00000000fa300000,0x00000000fa300000,0x0000000100000000)
 ParOldGen       total 699392K, used 29366K [0x00000000c0000000, 0x00000000eab00000, 0x00000000eab00000)
  object space 699392K, 4% used [0x00000000c0000000,0x00000000c1cadbc0,0x00000000eab00000)
 Metaspace       used 51390K, capacity 52342K, committed 52736K, reserved 1095680K
  class space    used 6257K, capacity 6552K, committed 6656K, reserved 1048576K

Card table byte_map: [0x0000000011da0000,0x0000000011fb0000] byte_map_base: 0x00000000117a0000

Marking Bits: (ParMarkBitMap*) 0x000000006fe1b6d0
 Begin Bits: [0x00000000125b0000, 0x00000000135b0000)
 End Bits:   [0x00000000135b0000, 0x00000000145b0000)

Polling page: 0x0000000001d40000

CodeCache: size=245760Kb used=18763Kb max_used=19604Kb free=226996Kb
 bounds [0x00000000029e0000, 0x0000000003d50000, 0x00000000119e0000]
 total_blobs=5846 nmethods=5349 adapters=417
 compilation: enabled

Compilation events (10 events):
Event: 23.007 Thread 0x00000000567ca800 nmethod 6239 0x0000000002b4d690 code [0x0000000002b4d7e0, 0x0000000002b4d8f0]
Event: 23.014 Thread 0x00000000567c7800 nmethod 6232 0x0000000002f2ca90 code [0x0000000002f2cec0, 0x0000000002f2fe08]
Event: 29.425 Thread 0x00000000567c1800 6240       4       java.util.LinkedHashMap::get (33 bytes)
Event: 29.440 Thread 0x00000000567c1800 nmethod 6240 0x0000000003246a50 code [0x0000000003246bc0, 0x0000000003246f58]
Event: 39.539 Thread 0x00000000567ca800 6241       3       java.io.File::<init> (47 bytes)
Event: 39.539 Thread 0x00000000567ca800 nmethod 6241 0x0000000002df95d0 code [0x0000000002df9760, 0x0000000002df9ac8]
Event: 59.718 Thread 0x00000000567ca800 6242   !   3       org.eclipse.jetty.util.Scanner::scanFile (285 bytes)
Event: 59.720 Thread 0x00000000567ca800 nmethod 6242 0x0000000002b762d0 code [0x0000000002b76740, 0x0000000002b78bf8]
Event: 59.720 Thread 0x00000000567ca800 6243       3       java.io.File::getCanonicalFile (21 bytes)
Event: 59.721 Thread 0x00000000567ca800 nmethod 6243 0x0000000002c2b850 code [0x0000000002c2ba20, 0x0000000002c2bfa8]

GC Heap History (10 events):
Event: 9.481 GC heap before
{Heap before GC invocations=5 (full 0):
 PSYoungGen      total 305664K, used 88699K [0x00000000eab00000, 0x0000000100000000, 0x0000000100000000)
  eden space 262144K, 17% used [0x00000000eab00000,0x00000000ed722930,0x00000000fab00000)
  from space 43520K, 99% used [0x00000000fd580000,0x00000000ffffc418,0x0000000100000000)
  to   space 43520K, 0% used [0x00000000fab00000,0x00000000fab00000,0x00000000fd580000)
 ParOldGen       total 699392K, used 59082K [0x00000000c0000000, 0x00000000eab00000, 0x00000000eab00000)
  object space 699392K, 8% used [0x00000000c0000000,0x00000000c39b28a8,0x00000000eab00000)
 Metaspace       used 20602K, capacity 21048K, committed 21248K, reserved 1069056K
  class space    used 2304K, capacity 2455K, committed 2560K, reserved 1048576K
Event: 9.506 GC heap after
Heap after GC invocations=5 (full 0):
 PSYoungGen      total 288768K, used 26249K [0x00000000eab00000, 0x0000000100000000, 0x0000000100000000)
  eden space 262144K, 0% used [0x00000000eab00000,0x00000000eab00000,0x00000000fab00000)
  from space 26624K, 98% used [0x00000000fab00000,0x00000000fc4a2558,0x00000000fc500000)
  to   space 60416K, 0% used [0x00000000fc500000,0x00000000fc500000,0x0000000100000000)
 ParOldGen       total 699392K, used 59090K [0x00000000c0000000, 0x00000000eab00000, 0x00000000eab00000)
  object space 699392K, 8% used [0x00000000c0000000,0x00000000c39b48a8,0x00000000eab00000)
 Metaspace       used 20602K, capacity 21048K, committed 21248K, reserved 1069056K
  class space    used 2304K, capacity 2455K, committed 2560K, reserved 1048576K
}
Event: 9.506 GC heap before
{Heap before GC invocations=6 (full 1):
 PSYoungGen      total 288768K, used 26249K [0x00000000eab00000, 0x0000000100000000, 0x0000000100000000)
  eden space 262144K, 0% used [0x00000000eab00000,0x00000000eab00000,0x00000000fab00000)
  from space 26624K, 98% used [0x00000000fab00000,0x00000000fc4a2558,0x00000000fc500000)
  to   space 60416K, 0% used [0x00000000fc500000,0x00000000fc500000,0x0000000100000000)
 ParOldGen       total 699392K, used 59090K [0x00000000c0000000, 0x00000000eab00000, 0x00000000eab00000)
  object space 699392K, 8% used [0x00000000c0000000,0x00000000c39b48a8,0x00000000eab00000)
 Metaspace       used 20602K, capacity 21048K, committed 21248K, reserved 1069056K
  class space    used 2304K, capacity 2455K, committed 2560K, reserved 1048576K
Event: 9.594 GC heap after
Heap after GC invocations=6 (full 1):
 PSYoungGen      total 288768K, used 0K [0x00000000eab00000, 0x0000000100000000, 0x0000000100000000)
  eden space 262144K, 0% used [0x00000000eab00000,0x00000000eab00000,0x00000000fab00000)
  from space 26624K, 0% used [0x00000000fab00000,0x00000000fab00000,0x00000000fc500000)
  to   space 60416K, 0% used [0x00000000fc500000,0x00000000fc500000,0x0000000100000000)
 ParOldGen       total 699392K, used 25967K [0x00000000c0000000, 0x00000000eab00000, 0x00000000eab00000)
  object space 699392K, 3% used [0x00000000c0000000,0x00000000c195be28,0x00000000eab00000)
 Metaspace       used 20602K, capacity 21048K, committed 21248K, reserved 1069056K
  class space    used 2304K, capacity 2455K, committed 2560K, reserved 1048576K
}
Event: 11.448 GC heap before
{Heap before GC invocations=7 (full 1):
 PSYoungGen      total 288768K, used 148195K [0x00000000eab00000, 0x0000000100000000, 0x0000000100000000)
  eden space 262144K, 56% used [0x00000000eab00000,0x00000000f3bb8d90,0x00000000fab00000)
  from space 26624K, 0% used [0x00000000fab00000,0x00000000fab00000,0x00000000fc500000)
  to   space 60416K, 0% used [0x00000000fc500000,0x00000000fc500000,0x0000000100000000)
 ParOldGen       total 699392K, used 25967K [0x00000000c0000000, 0x00000000eab00000, 0x00000000eab00000)
  object space 699392K, 3% used [0x00000000c0000000,0x00000000c195be28,0x00000000eab00000)
 Metaspace       used 34477K, capacity 35200K, committed 35416K, reserved 1081344K
  class space    used 4007K, capacity 4264K, committed 4352K, reserved 1048576K
Event: 11.462 GC heap after
Heap after GC invocations=7 (full 1):
 PSYoungGen      total 216064K, used 12903K [0x00000000eab00000, 0x0000000100000000, 0x0000000100000000)
  eden space 155648K, 0% used [0x00000000eab00000,0x00000000eab00000,0x00000000f4300000)
  from space 60416K, 21% used [0x00000000fc500000,0x00000000fd199d00,0x0000000100000000)
  to   space 96768K, 0% used [0x00000000f4300000,0x00000000f4300000,0x00000000fa180000)
 ParOldGen       total 699392K, used 25983K [0x00000000c0000000, 0x00000000eab00000, 0x00000000eab00000)
  object space 699392K, 3% used [0x00000000c0000000,0x00000000c195fe28,0x00000000eab00000)
 Metaspace       used 34477K, capacity 35200K, committed 35416K, reserved 1081344K
  class space    used 4007K, capacity 4264K, committed 4352K, reserved 1048576K
}
Event: 11.462 GC heap before
{Heap before GC invocations=8 (full 2):
 PSYoungGen      total 216064K, used 12903K [0x00000000eab00000, 0x0000000100000000, 0x0000000100000000)
  eden space 155648K, 0% used [0x00000000eab00000,0x00000000eab00000,0x00000000f4300000)
  from space 60416K, 21% used [0x00000000fc500000,0x00000000fd199d00,0x0000000100000000)
  to   space 96768K, 0% used [0x00000000f4300000,0x00000000f4300000,0x00000000fa180000)
 ParOldGen       total 699392K, used 25983K [0x00000000c0000000, 0x00000000eab00000, 0x00000000eab00000)
  object space 699392K, 3% used [0x00000000c0000000,0x00000000c195fe28,0x00000000eab00000)
 Metaspace       used 34477K, capacity 35200K, committed 35416K, reserved 1081344K
  class space    used 4007K, capacity 4264K, committed 4352K, reserved 1048576K
Event: 11.524 GC heap after
Heap after GC invocations=8 (full 2):
 PSYoungGen      total 216064K, used 0K [0x00000000eab00000, 0x0000000100000000, 0x0000000100000000)
  eden space 155648K, 0% used [0x00000000eab00000,0x00000000eab00000,0x00000000f4300000)
  from space 60416K, 0% used [0x00000000fc500000,0x00000000fc500000,0x0000000100000000)
  to   space 96768K, 0% used [0x00000000f4300000,0x00000000f4300000,0x00000000fa180000)
 ParOldGen       total 699392K, used 29358K [0x00000000c0000000, 0x00000000eab00000, 0x00000000eab00000)
  object space 699392K, 4% used [0x00000000c0000000,0x00000000c1cabbc0,0x00000000eab00000)
 Metaspace       used 34477K, capacity 35200K, committed 35416K, reserved 1081344K
  class space    used 4007K, capacity 4264K, committed 4352K, reserved 1048576K
}
Event: 18.478 GC heap before
{Heap before GC invocations=9 (full 2):
 PSYoungGen      total 216064K, used 155648K [0x00000000eab00000, 0x0000000100000000, 0x0000000100000000)
  eden space 155648K, 100% used [0x00000000eab00000,0x00000000f4300000,0x00000000f4300000)
  from space 60416K, 0% used [0x00000000fc500000,0x00000000fc500000,0x0000000100000000)
  to   space 96768K, 0% used [0x00000000f4300000,0x00000000f4300000,0x00000000fa180000)
 ParOldGen       total 699392K, used 29358K [0x00000000c0000000, 0x00000000eab00000, 0x00000000eab00000)
  object space 699392K, 4% used [0x00000000c0000000,0x00000000c1cabbc0,0x00000000eab00000)
 Metaspace       used 48391K, capacity 49414K, committed 49792K, reserved 1093632K
  class space    used 5867K, capacity 6178K, committed 6272K, reserved 1048576K
Event: 18.496 GC heap after
Heap after GC invocations=9 (full 2):
 PSYoungGen      total 252416K, used 15271K [0x00000000eab00000, 0x0000000100000000, 0x0000000100000000)
  eden space 155648K, 0% used [0x00000000eab00000,0x00000000eab00000,0x00000000f4300000)
  from space 96768K, 15% used [0x00000000f4300000,0x00000000f51e9d20,0x00000000fa180000)
  to   space 95232K, 0% used [0x00000000fa300000,0x00000000fa300000,0x0000000100000000)
 ParOldGen       total 699392K, used 29366K [0x00000000c0000000, 0x00000000eab00000, 0x00000000eab00000)
  object space 699392K, 4% used [0x00000000c0000000,0x00000000c1cadbc0,0x00000000eab00000)
 Metaspace       used 48391K, capacity 49414K, committed 49792K, reserved 1093632K
  class space    used 5867K, capacity 6178K, committed 6272K, reserved 1048576K
}

Deoptimization events (10 events):
Event: 23.009 Thread 0x00000000598e7000 Uncommon trap: reason=unhandled action=none pc=0x00000000035114bc method=java.net.URLClassLoader.findClass(Ljava/lang/String;)Ljava/lang/Class; @ 44
Event: 23.009 Thread 0x00000000598e7000 Uncommon trap: reason=unhandled action=none pc=0x00000000035114bc method=java.net.URLClassLoader.findClass(Ljava/lang/String;)Ljava/lang/Class; @ 44
Event: 23.009 Thread 0x00000000598e7000 Uncommon trap: reason=unhandled action=none pc=0x00000000035114bc method=java.net.URLClassLoader.findClass(Ljava/lang/String;)Ljava/lang/Class; @ 44
Event: 23.010 Thread 0x00000000598e7000 Uncommon trap: reason=unhandled action=none pc=0x00000000035114bc method=java.net.URLClassLoader.findClass(Ljava/lang/String;)Ljava/lang/Class; @ 44
Event: 23.010 Thread 0x00000000598e7000 Uncommon trap: reason=unhandled action=none pc=0x00000000035114bc method=java.net.URLClassLoader.findClass(Ljava/lang/String;)Ljava/lang/Class; @ 44
Event: 23.011 Thread 0x00000000598e7000 Uncommon trap: reason=unhandled action=none pc=0x00000000035114bc method=java.net.URLClassLoader.findClass(Ljava/lang/String;)Ljava/lang/Class; @ 44
Event: 23.012 Thread 0x00000000598e7000 Uncommon trap: reason=unhandled action=none pc=0x00000000035114bc method=java.net.URLClassLoader.findClass(Ljava/lang/String;)Ljava/lang/Class; @ 44
Event: 23.013 Thread 0x00000000598e7000 Uncommon trap: reason=unhandled action=none pc=0x00000000035114bc method=java.net.URLClassLoader.findClass(Ljava/lang/String;)Ljava/lang/Class; @ 44
Event: 29.416 Thread 0x0000000069571800 Uncommon trap: reason=unhandled action=none pc=0x00000000035114bc method=java.net.URLClassLoader.findClass(Ljava/lang/String;)Ljava/lang/Class; @ 44
Event: 29.439 Thread 0x0000000069571800 Uncommon trap: reason=unhandled action=none pc=0x00000000035114bc method=java.net.URLClassLoader.findClass(Ljava/lang/String;)Ljava/lang/Class; @ 44

Internal exceptions (10 events):
Event: 19.269 Thread 0x0000000001fda800 Exception <a 'java/lang/ArrayIndexOutOfBoundsException': 123> (0x00000000ed844f18) thrown at [C:\re\workspace\8-2-build-windows-amd64-cygwin\jdk8u121\8372\hotspot\src\share\vm\interpreter\interpreterRuntime.cpp, line 366]
Event: 19.270 Thread 0x0000000001fda800 Exception <a 'java/lang/ArrayIndexOutOfBoundsException': 101> (0x00000000ed8509a0) thrown at [C:\re\workspace\8-2-build-windows-amd64-cygwin\jdk8u121\8372\hotspot\src\share\vm\interpreter\interpreterRuntime.cpp, line 366]
Event: 22.962 Thread 0x00000000598e7000 Implicit null exception at 0x0000000003d1aec8 to 0x0000000003d2ee65
Event: 22.971 Thread 0x00000000598e7000 Exception <a 'java/lang/ArrayIndexOutOfBoundsException': 84> (0x00000000ee1e40d0) thrown at [C:\re\workspace\8-2-build-windows-amd64-cygwin\jdk8u121\8372\hotspot\src\share\vm\interpreter\interpreterRuntime.cpp, line 366]
Event: 22.994 Thread 0x00000000598e7000 Exception <a 'java/lang/ArrayIndexOutOfBoundsException': 38> (0x00000000ee3e2918) thrown at [C:\re\workspace\8-2-build-windows-amd64-cygwin\jdk8u121\8372\hotspot\src\share\vm\interpreter\interpreterRuntime.cpp, line 366]
Event: 22.994 Thread 0x00000000598e7000 Exception <a 'java/lang/ArrayIndexOutOfBoundsException': 78> (0x00000000ee3e8bd8) thrown at [C:\re\workspace\8-2-build-windows-amd64-cygwin\jdk8u121\8372\hotspot\src\share\vm\interpreter\interpreterRuntime.cpp, line 366]
Event: 22.994 Thread 0x00000000598e7000 Exception <a 'java/lang/ArrayIndexOutOfBoundsException': 139> (0x00000000ee3ea928) thrown at [C:\re\workspace\8-2-build-windows-amd64-cygwin\jdk8u121\8372\hotspot\src\share\vm\interpreter\interpreterRuntime.cpp, line 366]
Event: 22.994 Thread 0x00000000598e7000 Exception <a 'java/lang/ArrayIndexOutOfBoundsException': 139> (0x00000000ee3ec840) thrown at [C:\re\workspace\8-2-build-windows-amd64-cygwin\jdk8u121\8372\hotspot\src\share\vm\interpreter\interpreterRuntime.cpp, line 366]
Event: 22.994 Thread 0x00000000598e7000 Exception <a 'java/lang/ArrayIndexOutOfBoundsException': 92> (0x00000000ee3ee120) thrown at [C:\re\workspace\8-2-build-windows-amd64-cygwin\jdk8u121\8372\hotspot\src\share\vm\interpreter\interpreterRuntime.cpp, line 366]
Event: 23.002 Thread 0x00000000598e7000 Exception <a 'java/lang/ArrayIndexOutOfBoundsException': 67> (0x00000000ee4b13c0) thrown at [C:\re\workspace\8-2-build-windows-amd64-cygwin\jdk8u121\8372\hotspot\src\share\vm\interpreter\interpreterRuntime.cpp, line 366]

Events (10 events):
Event: 29.439 Thread 0x0000000069571800 Uncommon trap: trap_request=0xffffffa7 fr.pc=0x00000000035114bc
Event: 29.439 Thread 0x0000000069571800 DEOPT PACKING pc=0x00000000035114bc sp=0x0000000064d8d8d0
Event: 29.439 Thread 0x0000000069571800 DEOPT UNPACKING pc=0x0000000002a2582a sp=0x0000000064d8d868 mode 2
Event: 29.439 Thread 0x0000000069571800 DEOPT PACKING pc=0x0000000002c2a444 sp=0x0000000064d8d910
Event: 29.439 Thread 0x0000000069571800 DEOPT UNPACKING pc=0x0000000002a2787f sp=0x0000000064d8d648 mode 1
Event: 29.439 Thread 0x0000000069571800 DEOPT PACKING pc=0x0000000002bf816c sp=0x0000000064d8d990
Event: 29.439 Thread 0x0000000069571800 DEOPT UNPACKING pc=0x0000000002a2787f sp=0x0000000064d8d728 mode 1
Event: 29.439 Thread 0x0000000069571800 DEOPT PACKING pc=0x0000000002bf7d6c sp=0x0000000064d8dba0
Event: 29.439 Thread 0x0000000069571800 DEOPT UNPACKING pc=0x0000000002a2787f sp=0x0000000064d8d8c8 mode 1
Event: 67.060 Executing VM operation: RedefineClasses


Dynamic libraries:
0x000000013f310000 - 0x000000013f347000 	C:\Program Files\Java\jdk1.8.0_121\bin\java.exe
0x0000000077740000 - 0x00000000778ea000 	C:\Windows\SYSTEM32\ntdll.dll
0x0000000077520000 - 0x000000007763f000 	C:\Windows\system32\kernel32.dll
0x000007fefd490000 - 0x000007fefd4fa000 	C:\Windows\system32\KERNELBASE.dll
0x000007fefeac0000 - 0x000007fefeb9b000 	C:\Windows\system32\ADVAPI32.dll
0x000007fefe920000 - 0x000007fefe9bf000 	C:\Windows\system32\msvcrt.dll
0x000007fefedb0000 - 0x000007fefedcf000 	C:\Windows\SYSTEM32\sechost.dll
0x000007feff100000 - 0x000007feff22d000 	C:\Windows\system32\RPCRT4.dll
0x0000000077640000 - 0x000000007773a000 	C:\Windows\system32\USER32.dll
0x000007fefeeb0000 - 0x000007fefef17000 	C:\Windows\system32\GDI32.dll
0x000007fefd8b0000 - 0x000007fefd8be000 	C:\Windows\system32\LPK.dll
0x000007fefece0000 - 0x000007fefedab000 	C:\Windows\system32\USP10.dll
0x000007fefbb40000 - 0x000007fefbd34000 	C:\Windows\WinSxS\amd64_microsoft.windows.common-controls_6595b64144ccf1df_6.0.7601.18837_none_fa3b1e3d17594757\COMCTL32.dll
0x000007fefea40000 - 0x000007fefeab1000 	C:\Windows\system32\SHLWAPI.dll
0x000007fefeba0000 - 0x000007fefebce000 	C:\Windows\system32\IMM32.DLL
0x000007fefebd0000 - 0x000007fefecd9000 	C:\Windows\system32\MSCTF.dll
0x0000000068000000 - 0x000000006805d000 	C:\Windows\System32\QIPCAP64.dll
0x000007fefd8c0000 - 0x000007fefe64a000 	C:\Windows\system32\SHELL32.dll
0x000007fefca40000 - 0x000007fefca9b000 	C:\Windows\system32\DNSAPI.dll
0x000007fefd800000 - 0x000007fefd84d000 	C:\Windows\system32\WS2_32.dll
0x000007fefd7f0000 - 0x000007fefd7f8000 	C:\Windows\system32\NSI.dll
0x0000000078b50000 - 0x0000000078c22000 	C:\Program Files\Java\jdk1.8.0_121\jre\bin\msvcr100.dll
0x000000006f600000 - 0x000000006fe9b000 	C:\Program Files\Java\jdk1.8.0_121\jre\bin\server\jvm.dll
0x000007fef7ce0000 - 0x000007fef7ce9000 	C:\Windows\system32\WSOCK32.dll
0x000007fefa4f0000 - 0x000007fefa52b000 	C:\Windows\system32\WINMM.dll
0x000007fefc350000 - 0x000007fefc35c000 	C:\Windows\system32\VERSION.dll
0x0000000077900000 - 0x0000000077907000 	C:\Windows\system32\PSAPI.DLL
0x0000000072f90000 - 0x0000000072f9f000 	C:\Program Files\Java\jdk1.8.0_121\jre\bin\verify.dll
0x0000000055560000 - 0x0000000055589000 	C:\Program Files\Java\jdk1.8.0_121\jre\bin\java.dll
0x000000006d930000 - 0x000000006d965000 	C:\Program Files\Java\jdk1.8.0_121\jre\bin\jdwp.dll
0x0000000055550000 - 0x0000000055558000 	C:\Program Files\Java\jdk1.8.0_121\jre\bin\npt.dll
0x0000000055650000 - 0x0000000055666000 	C:\Program Files\Java\jdk1.8.0_121\jre\bin\zip.dll
0x000007feff230000 - 0x000007feff42c000 	C:\Windows\system32\ole32.dll
0x000007fefd440000 - 0x000007fefd44f000 	C:\Windows\system32\profapi.dll
0x000000006d350000 - 0x000000006d359000 	C:\Program Files\Java\jdk1.8.0_121\jre\bin\dt_socket.dll
0x000007fefcbc0000 - 0x000007fefcc15000 	C:\Windows\system32\mswsock.dll
0x000007fefc420000 - 0x000007fefc427000 	C:\Windows\System32\wshtcpip.dll
0x000007fef9150000 - 0x000007fef915a000 	E:\tool\maven\apache-maven-3.5.2\lib\jansi-native\windows64\jansi.dll
0x0000000055510000 - 0x000000005552a000 	C:\Program Files\Java\jdk1.8.0_121\jre\bin\net.dll
0x000007fefcbb0000 - 0x000007fefcbb7000 	C:\Windows\System32\wship6.dll
0x00000000020d0000 - 0x00000000020e1000 	C:\Program Files\Java\jdk1.8.0_121\jre\bin\nio.dll
0x0000000072ff0000 - 0x0000000072ffd000 	C:\Program Files\Java\jdk1.8.0_121\jre\bin\management.dll
0x000007fefcc20000 - 0x000007fefcc38000 	C:\Windows\system32\CRYPTSP.dll
0x000007fefc920000 - 0x000007fefc967000 	C:\Windows\system32\rsaenh.dll
0x000007fefd580000 - 0x000007fefd59e000 	C:\Windows\system32\USERENV.dll
0x000007fefd290000 - 0x000007fefd29f000 	C:\Windows\system32\CRYPTBASE.dll
0x000007fefb350000 - 0x000007fefb377000 	C:\Windows\system32\IPHLPAPI.DLL
0x000007fefb340000 - 0x000007fefb34b000 	C:\Windows\system32\WINNSI.DLL
0x000007fef9e70000 - 0x000007fef9e81000 	C:\Windows\system32\dhcpcsvc6.DLL
0x000007fef9e50000 - 0x000007fef9e68000 	C:\Windows\system32\dhcpcsvc.DLL
0x000007fedcd80000 - 0x000007fedcea5000 	C:\Windows\system32\dbghelp.dll

VM Arguments:
jvm_args: -Xms1024m -Xmx1G -XX:PermSize=1024m -Xverify:none -Xdebug -Xrunjdwp:transport=dt_socket,server=y,suspend=y,address=8000 -Dclassworlds.conf=E:\tool\maven\apache-maven-3.5.2\bin\..\bin\m2.conf -Dmaven.home=E:\tool\maven\apache-maven-3.5.2\bin\.. -Dlibrary.jansi.path=E:\tool\maven\apache-maven-3.5.2\bin\..\lib\jansi-native -Dmaven.multiModuleProjectDirectory=E:\rs\spring\spring_project\base\protocol\protocol-crm 
java_command: org.codehaus.plexus.classworlds.launcher.Launcher jetty:run
java_class_path (initial): E:\tool\maven\apache-maven-3.5.2\bin\..\boot\plexus-classworlds-2.5.2.jar
Launcher Type: SUN_STANDARD

Environment Variables:
JAVA_HOME=C:\Program Files\Java\jdk1.8.0_121
PATH=C:\ProgramData\Oracle\Java\javapath;C:\Windows\system32;C:\Windows;C:\Windows\System32\Wbem;C:\Windows\System32\WindowsPowerShell\v1.0\;C:\Program Files (x86)\Microsoft SQL Server\100\Tools\Binn\;C:\Program Files\Microsoft SQL Server\100\Tools\Binn\;C:\Program Files\Microsoft SQL Server\100\DTS\Binn\;C:\Program Files (x86)\Microsoft SQL Server\100\Tools\Binn\VSShell\Common7\IDE\;C:\Program Files (x86)\Microsoft Visual Studio 9.0\Common7\IDE\PrivateAssemblies\;C:\Program Files (x86)\Microsoft SQL Server\100\DTS\Binn\;C:\Program Files\Microsoft\Web Platform Installer\;C:\Program Files (x86)\Microsoft ASP.NET\ASP.NET Web Pages\v1.0\;C:\Program Files\Microsoft SQL Server\110\Tools\Binn\;C:\Program Files\TortoiseSVN\bin;C:\Program Files\Java\jdk1.8.0_121\bin;E:\tool\maven\apache-maven-3.5.2\bin;E:\JbossStudio\runtimes\jboss-eap\bin;E:\tool\server\apache-tomcat-8.0.38\apache-tomcat-8.0.38\bin;C:\Program Files\SlikSvn\bin;C:\Program Files\nodejs\;C:\Program Files\Git\cmd;C:\Program Files (x86)\Skype\Phone\;C:\Users\KumaAr\AppData\Roaming\npm;E:\tool\apache-ant-1.10.1-bin\apache-ant-1.10.1\bin;C:\Program Files\Docker Toolbox;C:\Program Files\Microsoft VS Code\bin
USERNAME=KumaAr
OS=Windows_NT
PROCESSOR_IDENTIFIER=Intel64 Family 6 Model 60 Stepping 3, GenuineIntel



---------------  S Y S T E M  ---------------

OS: Windows 7 , 64 bit Build 7601 (6.1.7601.23915)

CPU:total 4 (2 cores per cpu, 2 threads per core) family 6 model 60 stepping 3, cmov, cx8, fxsr, mmx, sse, sse2, sse3, ssse3, sse4.1, sse4.2, popcnt, avx, avx2, aes, clmul, erms, lzcnt, ht, tsc, tscinvbit, bmi1, bmi2

Memory: 4k page, physical 16703660k(3099452k free), swap 33405460k(15623128k free)

vm_info: Java HotSpot(TM) 64-Bit Server VM (25.121-b13) for windows-amd64 JRE (1.8.0_121-b13), built on Dec 12 2016 18:21:36 by "java_re" with MS VC++ 10.0 (VS2010)

time: Wed Jan 17 13:45:39 2018
elapsed time: 67 seconds (0d 0h 1m 7s)

